23:43:57.993 [main] INFO  demo.HomePageTest - Browser started successfully
23:44:09.520 [main] INFO  demo.HomePageTest - Launched flipcart.com
23:44:09.795 [main] INFO  demo.Listeners - Test Start: verifyFilterOptionsTest
23:44:11.675 [main] INFO  demo.HomePageTest - Verfied filter options successfully
23:44:11.688 [main] INFO  demo.Listeners - Test End: verifyFilterOptionsTest RESULT PASS
23:44:12.774 [main] INFO  demo.HomePageTest - Closed the current browser window
23:44:14.231 [main] INFO  demo.HomePageTest - Browser started successfully
23:44:23.693 [main] INFO  demo.HomePageTest - Launched flipcart.com
23:44:23.940 [main] INFO  demo.Listeners - Test Start: verifySortingOptionsTest
23:44:25.851 [main] INFO  demo.HomePageTest - Verfied sorting options successfully
23:44:25.852 [main] INFO  demo.Listeners - Test End: verifySortingOptionsTest RESULT PASS
23:44:27.167 [main] INFO  demo.HomePageTest - Closed the current browser window
23:44:28.531 [main] INFO  demo.HomePageTest - Browser started successfully
23:44:39.984 [main] INFO  demo.HomePageTest - Launched flipcart.com
23:44:40.163 [main] INFO  demo.Listeners - Test Start: numOfProductsOnOnePage
23:44:42.220 [main] INFO  demo.HomePageTest - There are 40 on one page.
23:44:42.220 [main] INFO  demo.Listeners - Test End: numOfProductsOnOnePage RESULT PASS
23:44:43.226 [main] INFO  demo.HomePageTest - Closed the current browser window
23:44:44.488 [main] INFO  demo.HomePageTest - Browser started successfully
23:44:54.032 [main] INFO  demo.HomePageTest - Launched flipcart.com
23:44:54.207 [main] INFO  demo.Listeners - Test Start: navigationOptionsTest
23:44:56.891 [main] INFO  demo.HomePageTest - Verified nav button on search page successfully
23:44:56.892 [main] INFO  demo.Listeners - Test End: navigationOptionsTest RESULT PASS
23:44:57.565 [main] INFO  demo.HomePageTest - Closed the current browser window
23:48:02.849 [main] INFO  demo.HomePageTest - Browser started successfully
23:48:13.374 [main] INFO  demo.HomePageTest - Launched flipcart.com
23:48:13.387 [main] INFO  demo.Listeners - Test Start: verifyFlipcartHomePage
23:48:13.399 [main] INFO  demo.HomePageTest - On the home page
23:48:13.405 [main] INFO  demo.Listeners - Test End: verifyFlipcartHomePage RESULT PASS
23:48:14.436 [main] INFO  demo.HomePageTest - Closed the current browser window
23:48:15.753 [main] INFO  demo.HomePageTest - Browser started successfully
23:48:37.584 [main] INFO  demo.HomePageTest - Launched flipcart.com
23:48:37.587 [main] INFO  demo.Listeners - Test Start: verifyUserName
23:48:37.588 [main] INFO  demo.HomePageTest - Logging in to flipcart
23:48:41.859 [main] INFO  demo.HomePageTest - Logged in, user is Neel
23:48:41.860 [main] INFO  demo.Listeners - Test End: verifyUserName RESULT PASS
23:48:42.642 [main] INFO  demo.HomePageTest - Closed the current browser window
23:48:44.024 [main] INFO  demo.HomePageTest - Browser started successfully
23:48:51.391 [main] INFO  demo.HomePageTest - Launched flipcart.com
23:48:51.393 [main] INFO  demo.Listeners - Test Start: verifyProdCatagories
23:48:52.012 [main] INFO  demo.HomePageTest - catagories verified 
23:48:52.013 [main] INFO  demo.Listeners - Test End: verifyProdCatagories RESULT PASS
23:48:52.913 [main] INFO  demo.HomePageTest - Closed the current browser window
23:48:54.191 [main] INFO  demo.HomePageTest - Browser started successfully
23:49:48.927 [main] INFO  demo.HomePageTest - Launched flipcart.com
23:49:48.928 [main] INFO  demo.Listeners - Test Start: verifySearchFunctionality
23:49:51.269 [main] INFO  demo.HomePageTest - search functionality verified
23:49:51.271 [main] INFO  demo.Listeners - Test End: verifySearchFunctionality RESULT PASS
23:49:52.174 [main] INFO  demo.HomePageTest - Closed the current browser window
23:49:53.635 [main] INFO  demo.HomePageTest - Browser started successfully
23:50:00.030 [main] INFO  demo.HomePageTest - Launched flipcart.com
23:50:00.032 [main] INFO  demo.Listeners - Test Start: verifyProductClickableOrNot
23:50:00.572 [main] INFO  demo.HomePageTest - products clickable or not verified
23:50:00.573 [main] INFO  demo.Listeners - Test End: verifyProductClickableOrNot RESULT PASS
23:50:01.625 [main] INFO  demo.HomePageTest - Closed the current browser window
23:50:02.994 [main] INFO  demo.HomePageTest - Browser started successfully
23:50:08.983 [main] INFO  demo.HomePageTest - Launched flipcart.com
23:50:08.986 [main] INFO  demo.Listeners - Test Start: productSpecificationPageTest
23:50:15.086 [main] INFO  demo.HomePageTest - Product specification page verified
23:50:15.091 [main] INFO  demo.Listeners - Test End: productSpecificationPageTest RESULT PASS
23:50:16.192 [main] INFO  demo.HomePageTest - Closed the current browser window
23:50:17.462 [main] INFO  demo.HomePageTest - Browser started successfully
23:50:27.346 [main] INFO  demo.HomePageTest - Launched flipcart.com
23:50:27.347 [main] INFO  demo.Listeners - Test Start: logout
23:50:27.520 [main] INFO  demo.HomePageTest - Logged in, user is Neel
23:50:27.520 [main] INFO  demo.HomePageTest - Logged out
23:50:27.522 [main] INFO  demo.Listeners - Test End: logout RESULT PASS
23:50:28.161 [main] INFO  demo.HomePageTest - Closed the current browser window
23:50:30.338 [main] INFO  demo.HomePageTest - Browser started successfully
23:50:40.714 [main] INFO  demo.HomePageTest - Launched flipcart.com
23:50:40.905 [main] INFO  demo.Listeners - Test Start: verifyFilterOptionsTest
23:50:43.059 [main] INFO  demo.HomePageTest - Verfied filter options successfully
23:50:43.060 [main] INFO  demo.Listeners - Test End: verifyFilterOptionsTest RESULT PASS
23:50:44.025 [main] INFO  demo.HomePageTest - Closed the current browser window
23:50:45.412 [main] INFO  demo.HomePageTest - Browser started successfully
23:51:23.221 [main] INFO  demo.HomePageTest - Launched flipcart.com
23:51:23.418 [main] INFO  demo.Listeners - Test Start: verifySortingOptionsTest
23:51:25.640 [main] INFO  demo.HomePageTest - Verfied sorting options successfully
23:51:25.640 [main] INFO  demo.Listeners - Test End: verifySortingOptionsTest RESULT PASS
23:51:26.927 [main] INFO  demo.HomePageTest - Closed the current browser window
23:51:28.183 [main] INFO  demo.HomePageTest - Browser started successfully
23:52:19.399 [main] INFO  demo.HomePageTest - Launched flipcart.com
23:52:19.594 [main] INFO  demo.Listeners - Test Start: numOfProductsOnOnePage
23:52:21.653 [main] INFO  demo.HomePageTest - There are 40 on one page.
23:52:21.654 [main] INFO  demo.Listeners - Test End: numOfProductsOnOnePage RESULT PASS
23:52:22.674 [main] INFO  demo.HomePageTest - Closed the current browser window
23:52:23.948 [main] INFO  demo.HomePageTest - Browser started successfully
23:52:40.573 [main] INFO  demo.HomePageTest - Launched flipcart.com
23:52:40.733 [main] INFO  demo.Listeners - Test Start: navigationOptionsTest
23:52:44.202 [main] INFO  demo.HomePageTest - Verified nav button on search page successfully
23:52:44.203 [main] INFO  demo.Listeners - Test End: navigationOptionsTest RESULT PASS
23:52:45.202 [main] INFO  demo.HomePageTest - Closed the current browser window
23:52:46.611 [main] INFO  demo.ProductDetailsPageTest - Browser started successfully
23:53:04.480 [main] INFO  demo.ProductDetailsPageTest - Launched flipcart.com
23:53:04.729 [main] INFO  demo.Listeners - Test Start: verifyProductImagePresence
23:53:13.807 [main] INFO  demo.ProductDetailsPageTest - Verified that product image is displayed correctly.
23:53:13.810 [main] INFO  demo.Listeners - Test End: verifyProductImagePresence RESULT PASS
23:53:16.138 [main] INFO  demo.ProductDetailsPageTest - Browser started successfully
23:53:54.489 [main] INFO  demo.ProductDetailsPageTest - Launched flipcart.com
23:53:54.682 [main] INFO  demo.Listeners - Test Start: productPricePresence
23:54:04.864 [main] INFO  demo.Listeners - Test End: productPricePresence RESULT FAILED
23:54:08.510 [main] INFO  demo.ProductDetailsPageTest - Browser started successfully
23:54:41.006 [main] INFO  demo.ProductDetailsPageTest - Launched flipcart.com
23:54:41.204 [main] INFO  demo.Listeners - Test Start: productSpecificationPresence
23:54:50.792 [main] INFO  demo.ProductDetailsPageTest - Verified that product specification details is displayed correctly.
23:54:50.793 [main] INFO  demo.Listeners - Test End: productSpecificationPresence RESULT PASS
23:54:53.115 [main] INFO  demo.ProductDetailsPageTest - Browser started successfully
23:55:22.042 [main] INFO  demo.ProductDetailsPageTest - Launched flipcart.com
23:55:22.228 [main] INFO  demo.Listeners - Test Start: prouctRatingsPresence
23:55:28.357 [main] INFO  demo.ProductDetailsPageTest - Verified that product ratings details is displayed correctly.
23:55:28.360 [main] INFO  demo.Listeners - Test End: prouctRatingsPresence RESULT PASS
23:55:30.473 [main] INFO  demo.ProductDetailsPageTest - Browser started successfully
23:56:02.883 [main] INFO  demo.ProductDetailsPageTest - Launched flipcart.com
23:56:03.086 [main] INFO  demo.Listeners - Test Start: wishListOptionPresence
23:56:09.248 [main] INFO  demo.ProductDetailsPageTest - Verified that wishlist option is displayed and enabled correctly.
23:56:09.249 [main] INFO  demo.Listeners - Test End: wishListOptionPresence RESULT PASS
23:56:11.674 [main] INFO  demo.ProductDetailsPageTest - Browser started successfully
23:56:21.572 [main] INFO  demo.ProductDetailsPageTest - Launched flipcart.com
23:56:21.745 [main] INFO  demo.Listeners - Test Start: addToCartAndBuyNowButtons
23:56:29.910 [main] INFO  demo.ProductDetailsPageTest - Verified that wishlist 'Add to cart' and 'Buy now' buttons is displayed and enabled correctly.
23:56:29.911 [main] INFO  demo.Listeners - Test End: addToCartAndBuyNowButtons RESULT PASS
23:58:44.326 [main] INFO  demo.ProductDetailsPageTest - Browser started successfully
23:58:57.878 [main] INFO  demo.ProductDetailsPageTest - Launched flipcart.com
23:59:05.466 [main] INFO  demo.ProductDetailsPageTest - Verified that product price details is displayed correctly.
